This is pdfTeX, Version 3.141592653-2.6-1.40.24 (TeX Live 2022/Debian) (preloaded format=pdflatex 2024.3.6)  29 APR 2024 11:42
entering extended mode
 restricted \write18 enabled.
 file:line:error style messages enabled.
 %&-line parsing enabled.
**/home/xabierland/Documentos/GitHub/GP/Proyecto/Documentos/DOP/DOP.tex
(/home/xabierland/Documentos/GitHub/GP/Proyecto/Documentos/DOP/DOP.tex
LaTeX2e <2022-11-01> patch level 1
L3 programming layer <2023-01-16> (/usr/share/texlive/texmf-dist/tex/latex/base/report.cls
Document Class: report 2022/07/02 v1.4n Standard LaTeX document class
(/usr/share/texlive/texmf-dist/tex/latex/base/size10.clo
File: size10.clo 2022/07/02 v1.4n Standard LaTeX file (size option)
)
\c@part=\count185
\c@chapter=\count186
\c@section=\count187
\c@subsection=\count188
\c@subsubsection=\count189
\c@paragraph=\count190
\c@subparagraph=\count191
\c@figure=\count192
\c@table=\count193
\abovecaptionskip=\skip48
\belowcaptionskip=\skip49
\bibindent=\dimen140
) (/usr/share/texlive/texmf-dist/tex/generic/babel/babel.sty
Package: babel 2022/12/26 3.84 The Babel package
\babel@savecnt=\count194
\U@D=\dimen141
\l@unhyphenated=\language87
 (/usr/share/texlive/texmf-dist/tex/generic/babel/txtbabel.def)
\bbl@readstream=\read2
\bbl@dirlevel=\count195
 (/usr/share/texlive/texmf-dist/tex/generic/babel-spanish/spanish.ldf
Language: spanish.ldf 2021/05/27 v5.0q Spanish support from the babel system
\es@quottoks=\toks16
\es@quotdepth=\count196
Package babel Info: Making " an active character on input line 570.
Package babel Info: Making . an active character on input line 675.
Package babel Info: Making < an active character on input line 722.
Package babel Info: Making > an active character on input line 722.
)) (/usr/share/texlive/texmf-dist/tex/generic/babel/locale/es/babel-spanish.tex
Package babel Info: Importing font and identification data for spanish
(babel)             from babel-es.ini. Reported on input line 11.
) (/usr/share/texlive/texmf-dist/tex/latex/base/inputenc.sty
Package: inputenc 2021/02/14 v1.3d Input encoding file
\inpenc@prehook=\toks17
\inpenc@posthook=\toks18
) (/usr/share/texlive/texmf-dist/tex/latex/graphics/graphicx.sty
Package: graphicx 2021/09/16 v1.2d Enhanced LaTeX Graphics (DPC,SPQR)
 (/usr/share/texlive/texmf-dist/tex/latex/graphics/keyval.sty
Package: keyval 2022/05/29 v1.15 key=value parser (DPC)
\KV@toks@=\toks19
) (/usr/share/texlive/texmf-dist/tex/latex/graphics/graphics.sty
Package: graphics 2022/03/10 v1.4e Standard LaTeX Graphics (DPC,SPQR)
 (/usr/share/texlive/texmf-dist/tex/latex/graphics/trig.sty
Package: trig 2021/08/11 v1.11 sin cos tan (DPC)
) (/usr/share/texlive/texmf-dist/tex/latex/graphics-cfg/graphics.cfg
File: graphics.cfg 2016/06/04 v1.11 sample graphics configuration
)
Package graphics Info: Driver file: pdftex.def on input line 107.
 (/usr/share/texlive/texmf-dist/tex/latex/graphics-def/pdftex.def
File: pdftex.def 2022/09/22 v1.2b Graphics/color driver for pdftex
))
\Gin@req@height=\dimen142
\Gin@req@width=\dimen143
) (/usr/share/texlive/texmf-dist/tex/latex/tools/longtable.sty
Package: longtable 2021-09-01 v4.17 Multi-page Table package (DPC)
\LTleft=\skip50
\LTright=\skip51
\LTpre=\skip52
\LTpost=\skip53
\LTchunksize=\count197
\LTcapwidth=\dimen144
\LT@head=\box51
\LT@firsthead=\box52
\LT@foot=\box53
\LT@lastfoot=\box54
\LT@gbox=\box55
\LT@cols=\count198
\LT@rows=\count199
\c@LT@tables=\count266
\c@LT@chunks=\count267
\LT@p@ftn=\toks20
) (/usr/share/texlive/texmf-dist/tex/latex/float/float.sty
Package: float 2001/11/08 v1.3d Float enhancements (AL)
\c@float@type=\count268
\float@exts=\toks21
\float@box=\box56
\@float@everytoks=\toks22
\@floatcapt=\box57
) (/usr/share/texlive/texmf-dist/tex/latex/titlesec/titlesec.sty
Package: titlesec 2021/07/05 v2.14 Sectioning titles
\ttl@box=\box58
\beforetitleunit=\skip54
\aftertitleunit=\skip55
\ttl@plus=\dimen145
\ttl@minus=\dimen146
\ttl@toksa=\toks23
\titlewidth=\dimen147
\titlewidthlast=\dimen148
\titlewidthfirst=\dimen149
) (/usr/share/texlive/texmf-dist/tex/latex/hyperref/hyperref.sty
Package: hyperref 2022-11-13 v7.00u Hypertext links for LaTeX
 (/usr/share/texlive/texmf-dist/tex/generic/ltxcmds/ltxcmds.sty
Package: ltxcmds 2020-05-10 v1.25 LaTeX kernel commands for general use (HO)
) (/usr/share/texlive/texmf-dist/tex/generic/iftex/iftex.sty
Package: iftex 2022/02/03 v1.0f TeX engine tests
) (/usr/share/texlive/texmf-dist/tex/generic/pdftexcmds/pdftexcmds.sty
Package: pdftexcmds 2020-06-27 v0.33 Utility functions of pdfTeX for LuaTeX (HO)
 (/usr/share/texlive/texmf-dist/tex/generic/infwarerr/infwarerr.sty
Package: infwarerr 2019/12/03 v1.5 Providing info/warning/error messages (HO)
)
Package pdftexcmds Info: \pdf@primitive is available.
Package pdftexcmds Info: \pdf@ifprimitive is available.
Package pdftexcmds Info: \pdfdraftmode found.
) (/usr/share/texlive/texmf-dist/tex/latex/kvsetkeys/kvsetkeys.sty
Package: kvsetkeys 2022-10-05 v1.19 Key value parser (HO)
) (/usr/share/texlive/texmf-dist/tex/generic/kvdefinekeys/kvdefinekeys.sty
Package: kvdefinekeys 2019-12-19 v1.6 Define keys (HO)
) (/usr/share/texlive/texmf-dist/tex/generic/pdfescape/pdfescape.sty
Package: pdfescape 2019/12/09 v1.15 Implements pdfTeX's escape features (HO)
) (/usr/share/texlive/texmf-dist/tex/latex/hycolor/hycolor.sty
Package: hycolor 2020-01-27 v1.10 Color options for hyperref/bookmark (HO)
) (/usr/share/texlive/texmf-dist/tex/latex/letltxmacro/letltxmacro.sty
Package: letltxmacro 2019/12/03 v1.6 Let assignment for LaTeX macros (HO)
) (/usr/share/texlive/texmf-dist/tex/latex/auxhook/auxhook.sty
Package: auxhook 2019-12-17 v1.6 Hooks for auxiliary files (HO)
) (/usr/share/texlive/texmf-dist/tex/latex/hyperref/nameref.sty
Package: nameref 2022-05-17 v2.50 Cross-referencing by name of section
 (/usr/share/texlive/texmf-dist/tex/latex/refcount/refcount.sty
Package: refcount 2019/12/15 v3.6 Data extraction from label references (HO)
) (/usr/share/texlive/texmf-dist/tex/generic/gettitlestring/gettitlestring.sty
Package: gettitlestring 2019/12/15 v1.6 Cleanup title references (HO)
 (/usr/share/texlive/texmf-dist/tex/latex/kvoptions/kvoptions.sty
Package: kvoptions 2022-06-15 v3.15 Key value format for package options (HO)
))
\c@section@level=\count269
)
\@linkdim=\dimen150
\Hy@linkcounter=\count270
\Hy@pagecounter=\count271
 (/usr/share/texlive/texmf-dist/tex/latex/hyperref/pd1enc.def
File: pd1enc.def 2022-11-13 v7.00u Hyperref: PDFDocEncoding definition (HO)
Now handling font encoding PD1 ...
... no UTF-8 mapping file for font encoding PD1
) (/usr/share/texlive/texmf-dist/tex/generic/intcalc/intcalc.sty
Package: intcalc 2019/12/15 v1.3 Expandable calculations with integers (HO)
) (/usr/share/texlive/texmf-dist/tex/generic/etexcmds/etexcmds.sty
Package: etexcmds 2019/12/15 v1.7 Avoid name clashes with e-TeX commands (HO)
)
\Hy@SavedSpaceFactor=\count272
 (/usr/share/texlive/texmf-dist/tex/latex/hyperref/puenc.def
File: puenc.def 2022-11-13 v7.00u Hyperref: PDF Unicode definition (HO)
Now handling font encoding PU ...
... no UTF-8 mapping file for font encoding PU
)
Package hyperref Info: Hyper figures OFF on input line 4162.
Package hyperref Info: Link nesting OFF on input line 4167.
Package hyperref Info: Hyper index ON on input line 4170.
Package hyperref Info: Plain pages OFF on input line 4177.
Package hyperref Info: Backreferencing OFF on input line 4182.
Package hyperref Info: Implicit mode ON; LaTeX internals redefined.
Package hyperref Info: Bookmarks ON on input line 4410.
\c@Hy@tempcnt=\count273
 (/usr/share/texlive/texmf-dist/tex/latex/url/url.sty
\Urlmuskip=\muskip16
Package: url 2013/09/16  ver 3.4  Verb mode for urls, etc.
)
LaTeX Info: Redefining \url on input line 4748.
\XeTeXLinkMargin=\dimen151
 (/usr/share/texlive/texmf-dist/tex/generic/bitset/bitset.sty
Package: bitset 2019/12/09 v1.3 Handle bit-vector datatype (HO)
 (/usr/share/texlive/texmf-dist/tex/generic/bigintcalc/bigintcalc.sty
Package: bigintcalc 2019/12/15 v1.5 Expandable calculations on big integers (HO)
))
\Fld@menulength=\count274
\Field@Width=\dimen152
\Fld@charsize=\dimen153
Package hyperref Info: Hyper figures OFF on input line 6027.
Package hyperref Info: Link nesting OFF on input line 6032.
Package hyperref Info: Hyper index ON on input line 6035.
Package hyperref Info: backreferencing OFF on input line 6042.
Package hyperref Info: Link coloring OFF on input line 6047.
Package hyperref Info: Link coloring with OCG OFF on input line 6052.
Package hyperref Info: PDF/A mode OFF on input line 6057.
 (/usr/share/texlive/texmf-dist/tex/latex/base/atbegshi-ltx.sty
Package: atbegshi-ltx 2021/01/10 v1.0c Emulation of the original atbegshi
package with kernel methods
)
\Hy@abspage=\count275
\c@Item=\count276
\c@Hfootnote=\count277
)
Package hyperref Info: Driver (autodetected): hpdftex.
 (/usr/share/texlive/texmf-dist/tex/latex/hyperref/hpdftex.def
File: hpdftex.def 2022-11-13 v7.00u Hyperref driver for pdfTeX
 (/usr/share/texlive/texmf-dist/tex/latex/base/atveryend-ltx.sty
Package: atveryend-ltx 2020/08/19 v1.0a Emulation of the original atveryend package
with kernel methods
)
\Fld@listcount=\count278
\c@bookmark@seq@number=\count279
 (/usr/share/texlive/texmf-dist/tex/latex/rerunfilecheck/rerunfilecheck.sty
Package: rerunfilecheck 2022-07-10 v1.10 Rerun checks for auxiliary files (HO)
 (/usr/share/texlive/texmf-dist/tex/generic/uniquecounter/uniquecounter.sty
Package: uniquecounter 2019/12/15 v1.4 Provide unlimited unique counter (HO)
)
Package uniquecounter Info: New unique counter `rerunfilecheck' on input line 285.
)
\Hy@SectionHShift=\skip56
) (/usr/share/texlive/texmf-dist/tex/latex/enumitem/enumitem.sty
Package: enumitem 2019/06/20 v3.9 Customized lists
\labelindent=\skip57
\enit@outerparindent=\dimen154
\enit@toks=\toks24
\enit@inbox=\box59
\enit@count@id=\count280
\enitdp@description=\count281
) (/usr/share/texlive/texmf-dist/tex/latex/dingbat/dingbat.sty
Package: dingbat 2001/04/27 v1.00 Hands and other dingbats
) (/usr/share/texlive/texmf-dist/tex/latex/xcolor/xcolor.sty
Package: xcolor 2022/06/12 v2.14 LaTeX color extensions (UK)
 (/usr/share/texlive/texmf-dist/tex/latex/graphics-cfg/color.cfg
File: color.cfg 2016/01/02 v1.6 sample color configuration
)
Package xcolor Info: Driver file: pdftex.def on input line 227.
 (/usr/share/texlive/texmf-dist/tex/latex/graphics/mathcolor.ltx)
Package xcolor Info: Model `cmy' substituted by `cmy0' on input line 1353.
Package xcolor Info: Model `hsb' substituted by `rgb' on input line 1357.
Package xcolor Info: Model `RGB' extended on input line 1369.
Package xcolor Info: Model `HTML' substituted by `rgb' on input line 1371.
Package xcolor Info: Model `Hsb' substituted by `hsb' on input line 1372.
Package xcolor Info: Model `tHsb' substituted by `hsb' on input line 1373.
Package xcolor Info: Model `HSB' substituted by `hsb' on input line 1374.
Package xcolor Info: Model `Gray' substituted by `gray' on input line 1375.
Package xcolor Info: Model `wave' substituted by `hsb' on input line 1376.
 (/usr/share/texlive/texmf-dist/tex/latex/graphics/dvipsnam.def
File: dvipsnam.def 2016/06/17 v3.0m Driver-dependent file (DPC,SPQR)
)) (/usr/share/texlive/texmf-dist/tex/latex/geometry/geometry.sty
Package: geometry 2020/01/02 v5.9 Page Geometry
 (/usr/share/texlive/texmf-dist/tex/generic/iftex/ifvtex.sty
Package: ifvtex 2019/10/25 v1.7 ifvtex legacy package. Use iftex instead.
)
\Gm@cnth=\count282
\Gm@cntv=\count283
\c@Gm@tempcnt=\count284
\Gm@bindingoffset=\dimen155
\Gm@wd@mp=\dimen156
\Gm@odd@mp=\dimen157
\Gm@even@mp=\dimen158
\Gm@layoutwidth=\dimen159
\Gm@layoutheight=\dimen160
\Gm@layouthoffset=\dimen161
\Gm@layoutvoffset=\dimen162
\Gm@dimlist=\toks25
)

Package hyperref Warning: Unexpected value for option `hidelinks'
(hyperref)                is ignored on input line 10.

(/usr/share/texlive/texmf-dist/tex/latex/l3backend/l3backend-pdftex.def
File: l3backend-pdftex.def 2023-01-16 L3 backend support: PDF output (pdfTeX)
\l__color_backend_stack_int=\count285
\l__pdf_internal_box=\box60
) (./DOP.aux
LaTeX Info: Redefining \. on input line 22.
LaTeX Info: Redefining \% on input line 22.
)
\openout1 = `DOP.aux'.

LaTeX Font Info:    Checking defaults for OML/cmm/m/it on input line 21.
LaTeX Font Info:    ... okay on input line 21.
LaTeX Font Info:    Checking defaults for OMS/cmsy/m/n on input line 21.
LaTeX Font Info:    ... okay on input line 21.
LaTeX Font Info:    Checking defaults for OT1/cmr/m/n on input line 21.
LaTeX Font Info:    ... okay on input line 21.
LaTeX Font Info:    Checking defaults for T1/cmr/m/n on input line 21.
LaTeX Font Info:    ... okay on input line 21.
LaTeX Font Info:    Checking defaults for TS1/cmr/m/n on input line 21.
LaTeX Font Info:    ... okay on input line 21.
LaTeX Font Info:    Checking defaults for OMX/cmex/m/n on input line 21.
LaTeX Font Info:    ... okay on input line 21.
LaTeX Font Info:    Checking defaults for U/cmr/m/n on input line 21.
LaTeX Font Info:    ... okay on input line 21.
LaTeX Font Info:    Checking defaults for PD1/pdf/m/n on input line 21.
LaTeX Font Info:    ... okay on input line 21.
LaTeX Font Info:    Checking defaults for PU/pdf/m/n on input line 21.
LaTeX Font Info:    ... okay on input line 21.
LaTeX Info: Redefining \. on input line 21.
LaTeX Info: Redefining \% on input line 21.
 (/usr/share/texlive/texmf-dist/tex/context/base/mkii/supp-pdf.mkii
[Loading MPS to PDF converter (version 2006.09.02).]
\scratchcounter=\count286
\scratchdimen=\dimen163
\scratchbox=\box61
\nofMPsegments=\count287
\nofMParguments=\count288
\everyMPshowfont=\toks26
\MPscratchCnt=\count289
\MPscratchDim=\dimen164
\MPnumerator=\count290
\makeMPintoPDFobject=\count291
\everyMPtoPDFconversion=\toks27
) (/usr/share/texlive/texmf-dist/tex/latex/epstopdf-pkg/epstopdf-base.sty
Package: epstopdf-base 2020-01-24 v2.11 Base part for package epstopdf
Package epstopdf-base Info: Redefining graphics rule for `.eps' on input line 485.
 (/usr/share/texlive/texmf-dist/tex/latex/latexconfig/epstopdf-sys.cfg
File: epstopdf-sys.cfg 2010/07/13 v1.3 Configuration of (r)epstopdf for TeX Live
))
Package hyperref Info: Link coloring OFF on input line 21.
 (./DOP.out) (./DOP.out)
\@outlinefile=\write3
\openout3 = `DOP.out'.


*geometry* driver: auto-detecting
*geometry* detected driver: pdftex
*geometry* verbose mode - [ preamble ] result:
* driver: pdftex
* paper: <default>
* layout: <same size as paper>
* layoutoffset:(h,v)=(0.0pt,0.0pt)
* modes: 
* h-part:(L,W,R)=(78.24507pt, 457.80486pt, 78.24507pt)
* v-part:(T,H,B)=(78.24507pt, 638.47984pt, 78.24507pt)
* \paperwidth=614.295pt
* \paperheight=794.96999pt
* \textwidth=457.80486pt
* \textheight=638.47984pt
* \oddsidemargin=5.97508pt
* \evensidemargin=5.97508pt
* \topmargin=-31.02492pt
* \headheight=12.0pt
* \headsep=25.0pt
* \topskip=10.0pt
* \footskip=30.0pt
* \marginparwidth=65.0pt
* \marginparsep=11.0pt
* \columnsep=10.0pt
* \skip\footins=9.0pt plus 4.0pt minus 2.0pt
* \hoffset=0.0pt
* \voffset=0.0pt
* \mag=1000
* \@twocolumnfalse
* \@twosidefalse
* \@mparswitchfalse
* \@reversemarginfalse
* (1in=72.27pt=25.4mm, 1cm=28.453pt)

<./img/logo.jpg, id=116, 1505.625pt x 694.595pt>
File: ./img/logo.jpg Graphic file (type jpg)
<use ./img/logo.jpg>
Package pdftex.def Info: ./img/logo.jpg  used on input line 24.
(pdftex.def)             Requested size: 274.6857pt x 126.71748pt.
[1

{/var/lib/texmf/fonts/map/pdftex/updmap/pdftex.map} <./img/logo.jpg>] (./DOP.toc
LaTeX Info: Redefining \. on input line 1.
LaTeX Info: Redefining \% on input line 1.
LaTeX Font Info:    External font `cmex10' loaded for size
(Font)              <7> on input line 3.
LaTeX Font Info:    External font `cmex10' loaded for size
(Font)              <5> on input line 3.
)
\tf@toc=\write4
\openout4 = `DOP.toc'.


pdfTeX warning (ext4): destination with the same identifier (name{page.1}) has been already used, duplicate ignored
<to be read again> 
                   \relax 
l.45     \listoffigures
                        [1

] (./DOP.lof
LaTeX Info: Redefining \. on input line 1.
LaTeX Info: Redefining \% on input line 1.
)
\tf@lof=\write5
\openout5 = `DOP.lof'.

 [2

] (./DOP.lot
LaTeX Info: Redefining \. on input line 1.
LaTeX Info: Redefining \% on input line 1.

Overfull \hbox (2.55557pt too wide) detected at line 28
\OT1/cmr/m/n/10 10.10. 
 []


Overfull \hbox (2.55557pt too wide) detected at line 29
\OT1/cmr/m/n/10 10.11. 
 []


Overfull \hbox (2.55557pt too wide) detected at line 30
\OT1/cmr/m/n/10 10.12. 
 []


Overfull \hbox (2.55557pt too wide) detected at line 31
\OT1/cmr/m/n/10 10.13. 
 []


Overfull \hbox (2.55557pt too wide) detected at line 32
\OT1/cmr/m/n/10 10.14. 
 []


Overfull \hbox (2.55557pt too wide) detected at line 33
\OT1/cmr/m/n/10 10.15. 
 []


Overfull \hbox (2.55557pt too wide) detected at line 34
\OT1/cmr/m/n/10 10.16. 
 []


Overfull \hbox (2.55557pt too wide) detected at line 35
\OT1/cmr/m/n/10 10.17. 
 []


Overfull \hbox (2.55557pt too wide) detected at line 36
\OT1/cmr/m/n/10 10.18. 
 []


Overfull \hbox (2.55557pt too wide) detected at line 37
\OT1/cmr/m/n/10 10.19. 
 []


Overfull \hbox (2.55557pt too wide) detected at line 38
\OT1/cmr/m/n/10 10.20. 
 []


Overfull \hbox (2.55557pt too wide) detected at line 39
\OT1/cmr/m/n/10 10.21. 
 []


Overfull \hbox (2.55557pt too wide) detected at line 40
\OT1/cmr/m/n/10 10.22. 
 []


Overfull \hbox (2.55557pt too wide) detected at line 41
\OT1/cmr/m/n/10 10.23. 
 []


Overfull \hbox (2.55557pt too wide) detected at line 42
\OT1/cmr/m/n/10 10.24. 
 []


Overfull \hbox (2.55557pt too wide) detected at line 43
\OT1/cmr/m/n/10 10.25. 
 []


Overfull \hbox (2.55557pt too wide) detected at line 44
\OT1/cmr/m/n/10 10.26. 
 []


Overfull \hbox (2.55557pt too wide) detected at line 45
\OT1/cmr/m/n/10 10.27. 
 []


Overfull \hbox (2.55557pt too wide) detected at line 46
\OT1/cmr/m/n/10 10.28. 
 []


Overfull \hbox (2.55557pt too wide) detected at line 47
\OT1/cmr/m/n/10 10.29. 
 []


Overfull \hbox (2.55557pt too wide) detected at line 48
\OT1/cmr/m/n/10 10.30. 
 []


Overfull \hbox (2.55557pt too wide) detected at line 49
\OT1/cmr/m/n/10 10.31. 
 []


Overfull \hbox (2.55557pt too wide) detected at line 50
\OT1/cmr/m/n/10 10.32. 
 []

)
\tf@lot=\write6
\openout6 = `DOP.lot'.

 [3

]
Cap\'{\i }tulo 1.
[4

]
Cap\'{\i }tulo 2.
[5

]
Cap\'{\i }tulo 3.
[6

]
Cap\'{\i }tulo 4.

Underfull \hbox (badness 10000) in paragraph at lines 104--105

 []

[7

]
<./img/arquitectura.png, id=279, 1027.84pt x 770.88pt>
File: ./img/arquitectura.png Graphic file (type png)
<use ./img/arquitectura.png>
Package pdftex.def Info: ./img/arquitectura.png  used on input line 115.
(pdftex.def)             Requested size: 366.24527pt x 274.6818pt.
 [8

 <./img/arquitectura.png>]
Cap\'{\i }tulo 5.
[9

] [10]
Cap\'{\i }tulo 6.
<./img/ciclo_vida.png, id=294, 475.7775pt x 473.77pt>
File: ./img/ciclo_vida.png Graphic file (type png)
<use ./img/ciclo_vida.png>
Package pdftex.def Info: ./img/ciclo_vida.png  used on input line 149.
(pdftex.def)             Requested size: 228.90242pt x 227.93474pt.
[11

 <./img/ciclo_vida.png>]
<./img/edt.png, id=300, 1526.70375pt x 1335.99126pt>
File: ./img/edt.png Graphic file (type png)
<use ./img/edt.png>
Package pdftex.def Info: ./img/edt.png  used on input line 158.
(pdftex.def)             Requested size: 457.80486pt x 400.617pt.
 [12

 <./img/edt.png>] [13

] [14]
Cap\'{\i }tulo 7.

Underfull \hbox (badness 10000) in paragraph at lines 288--288
[]|\OT1/cmr/bx/n/10 Esfuerzo
 []


Underfull \hbox (badness 10000) in paragraph at lines 288--288
\OT1/cmr/bx/n/10 (persona-
 []


Underfull \hbox (badness 1490) in paragraph at lines 288--289
[]|\OT1/cmr/bx/n/10 Duraci^^Son (tiem-
 []

[15

]
<./img/gantt.png, id=322, 1966.34625pt x 1099.10625pt>
File: ./img/gantt.png Graphic file (type png)
<use ./img/gantt.png>
Package pdftex.def Info: ./img/gantt.png  used on input line 392.
(pdftex.def)             Requested size: 457.80486pt x 255.89175pt.
 [16 <./img/gantt.png (PNG copy)>]
Cap\'{\i }tulo 8.
[17

] [18

]
Cap\'{\i }tulo 9.

Underfull \hbox (badness 10000) in paragraph at lines 504--505

 []


Underfull \hbox (badness 10000) in paragraph at lines 506--510

 []


Underfull \hbox (badness 10000) in paragraph at lines 511--513

 []

[19

]
Cap\'{\i }tulo 10.
[20

] [21

] [22

] [23

]
Underfull \hbox (badness 5359) in paragraph at lines 737--738
[]|\OT1/cmr/m/n/10 Desarrollo del dia-gra-ma del EDT
 []

[24

]
Underfull \hbox (badness 2126) in paragraph at lines 776--777
[]|\OT1/cmr/m/n/10 1.1.6.1 De-sa-rro-llo del dia-gra-ma del
 []


Underfull \hbox (badness 1867) in paragraph at lines 782--783
[]|\OT1/cmr/m/n/10 Descripci^^Son del pa-que-te de tra-ba-jo
 []


Underfull \hbox (badness 2126) in paragraph at lines 798--799
[]|\OT1/cmr/m/n/10 1.1.6.1 De-sa-rro-llo del dia-gra-ma del
 []

[25

] [26

] [27

] [28

] [29

]
Underfull \hbox (badness 1142) in paragraph at lines 1027--1028
[]|\OT1/cmr/m/n/10 Insertar el vi-deo en la p^^Sagi-na web
 []

[30

] [31

] [32

] [33

] [34

]
Underfull \hbox (badness 7397) in paragraph at lines 1232--1233
[]|\OT1/cmr/m/n/10 Realizar pre-sen-ta-ci^^Son del pro-yec-to
 []

[35

]
Underfull \hbox (badness 10000) in paragraph at lines 1267--1267
[]|\OT1/cmr/m/n/10 1.1.1.1, 1.1.1.2,
 []


Overfull \hbox (28.98645pt too wide) in alignment at lines 1256--1324
 [] [] [] [] [] 
 []

<./img/roy1.png, id=409, 1027.84pt x 770.88pt>
File: ./img/roy1.png Graphic file (type png)
<use ./img/roy1.png>
Package pdftex.def Info: ./img/roy1.png  used on input line 1327.
(pdftex.def)             Requested size: 457.80486pt x 343.35223pt.
<./img/roy2.png, id=410, 1027.84pt x 770.88pt>
File: ./img/roy2.png Graphic file (type png)
<use ./img/roy2.png>
Package pdftex.def Info: ./img/roy2.png  used on input line 1332.
(pdftex.def)             Requested size: 457.80486pt x 343.35223pt.
[36

]
<./img/roy3.png, id=416, 1027.84pt x 770.88pt>
File: ./img/roy3.png Graphic file (type png)
<use ./img/roy3.png>
Package pdftex.def Info: ./img/roy3.png  used on input line 1337.
(pdftex.def)             Requested size: 457.80486pt x 343.35223pt.
 [37 <./img/roy1.png>] [38 <./img/roy2.png>] [39 <./img/roy3.png>] [40

] (./DOP.aux
LaTeX Info: Redefining \. on input line 22.
LaTeX Info: Redefining \% on input line 22.
)
Package rerunfilecheck Info: File `DOP.out' has not changed.
(rerunfilecheck)             Checksum: AFB9435DCD8E28C6366659075C17EF60;4351.
 ) 
Here is how much of TeX's memory you used:
 11676 strings out of 476091
 183612 string characters out of 5794082
 1904330 words of memory out of 5000000
 31776 multiletter control sequences out of 15000+600000
 515684 words of font info for 43 fonts, out of 8000000 for 9000
 1141 hyphenation exceptions out of 8191
 75i,7n,76p,784b,642s stack positions out of 10000i,1000n,20000p,200000b,200000s
{/usr/share/texmf/fonts/enc/dvips/cm-super/cm-super-ts1.enc}</usr/share/texlive/texmf-dist/fonts/type1/public/amsfonts/cm/cmbx10.pfb></usr/share/texlive/texmf-dist/fonts/type1/public/amsfonts/cm/cmbx12.pfb></usr/share/texlive/texmf-dist/fonts/type1/public/amsfonts/cm/cmr10.pfb></usr/share/texlive/texmf-dist/fonts/type1/public/amsfonts/cm/cmr12.pfb></usr/share/texlive/texmf-dist/fonts/type1/public/amsfonts/cm/cmr17.pfb></usr/share/texlive/texmf-dist/fonts/type1/public/amsfonts/cm/cmsy10.pfb></usr/share/texmf/fonts/type1/public/cm-super/sfbx1000.pfb></usr/share/texmf/fonts/type1/public/cm-super/sfrm1000.pfb>
Output written on DOP.pdf (41 pages, 921834 bytes).
PDF statistics:
 527 PDF objects out of 1000 (max. 8388607)
 449 compressed objects within 5 object streams
 139 named destinations out of 1000 (max. 500000)
 265 words of extra memory for PDF output out of 10000 (max. 10000000)

